2024-11-30T21:33:29.285+01:00  INFO 2296 --- [GymApl] [restartedMain] com.GymApl.GymAplApplication             : Starting GymAplApplication using Java 23.0.1 with PID 2296 (C:\Users\11193\Desktop\InteliJ\projekt aplikacji\target\classes started by 11193 in C:\Users\11193\Desktop\InteliJ\projekt aplikacji)
2024-11-30T21:33:29.287+01:00 DEBUG 2296 --- [GymApl] [restartedMain] com.GymApl.GymAplApplication             : Running with Spring Boot v3.3.5, Spring v6.1.14
2024-11-30T21:33:29.288+01:00  INFO 2296 --- [GymApl] [restartedMain] com.GymApl.GymAplApplication             : No active profile set, falling back to 1 default profile: "default"
2024-11-30T21:33:29.380+01:00  INFO 2296 --- [GymApl] [restartedMain] .e.DevToolsPropertyDefaultsPostProcessor : Devtools property defaults active! Set 'spring.devtools.add-properties' to 'false' to disable
2024-11-30T21:33:29.380+01:00  INFO 2296 --- [GymApl] [restartedMain] .e.DevToolsPropertyDefaultsPostProcessor : For additional web related logging consider setting the 'logging.level.web' property to 'DEBUG'
2024-11-30T21:33:30.268+01:00  INFO 2296 --- [GymApl] [restartedMain] .s.d.r.c.RepositoryConfigurationDelegate : Multiple Spring Data modules found, entering strict repository configuration mode
2024-11-30T21:33:30.269+01:00  INFO 2296 --- [GymApl] [restartedMain] .s.d.r.c.RepositoryConfigurationDelegate : Bootstrapping Spring Data JDBC repositories in DEFAULT mode.
2024-11-30T21:33:30.295+01:00  INFO 2296 --- [GymApl] [restartedMain] .RepositoryConfigurationExtensionSupport : Spring Data JDBC - Could not safely identify store assignment for repository candidate interface com.GymApl.Repository.RoleRepository; If you want this repository to be a JDBC repository, consider annotating your entities with one of these annotations: org.springframework.data.relational.core.mapping.Table.
2024-11-30T21:33:30.297+01:00  INFO 2296 --- [GymApl] [restartedMain] .RepositoryConfigurationExtensionSupport : Spring Data JDBC - Could not safely identify store assignment for repository candidate interface com.GymApl.Repository.UserRepositoryDefault; If you want this repository to be a JDBC repository, consider annotating your entities with one of these annotations: org.springframework.data.relational.core.mapping.Table.
2024-11-30T21:33:30.298+01:00  INFO 2296 --- [GymApl] [restartedMain] .s.d.r.c.RepositoryConfigurationDelegate : Finished Spring Data repository scanning in 26 ms. Found 0 JDBC repository interfaces.
2024-11-30T21:33:30.312+01:00  INFO 2296 --- [GymApl] [restartedMain] .s.d.r.c.RepositoryConfigurationDelegate : Multiple Spring Data modules found, entering strict repository configuration mode
2024-11-30T21:33:30.313+01:00  INFO 2296 --- [GymApl] [restartedMain] .s.d.r.c.RepositoryConfigurationDelegate : Bootstrapping Spring Data JPA repositories in DEFAULT mode.
2024-11-30T21:33:30.339+01:00  INFO 2296 --- [GymApl] [restartedMain] .s.d.r.c.RepositoryConfigurationDelegate : Finished Spring Data repository scanning in 23 ms. Found 2 JPA repository interfaces.
2024-11-30T21:33:31.115+01:00  INFO 2296 --- [GymApl] [restartedMain] o.s.b.w.embedded.tomcat.TomcatWebServer  : Tomcat initialized with port 8080 (http)
2024-11-30T21:33:31.136+01:00  INFO 2296 --- [GymApl] [restartedMain] o.apache.catalina.core.StandardService   : Starting service [Tomcat]
2024-11-30T21:33:31.136+01:00  INFO 2296 --- [GymApl] [restartedMain] o.apache.catalina.core.StandardEngine    : Starting Servlet engine: [Apache Tomcat/10.1.31]
2024-11-30T21:33:31.188+01:00  INFO 2296 --- [GymApl] [restartedMain] o.a.c.c.C.[Tomcat].[localhost].[/]       : Initializing Spring embedded WebApplicationContext
2024-11-30T21:33:31.188+01:00  INFO 2296 --- [GymApl] [restartedMain] w.s.c.ServletWebServerApplicationContext : Root WebApplicationContext: initialization completed in 1808 ms
2024-11-30T21:33:31.439+01:00  INFO 2296 --- [GymApl] [restartedMain] o.hibernate.jpa.internal.util.LogHelper  : HHH000204: Processing PersistenceUnitInfo [name: default]
2024-11-30T21:33:31.472+01:00  INFO 2296 --- [GymApl] [restartedMain] org.hibernate.Version                    : HHH000412: Hibernate ORM core version 6.5.3.Final
2024-11-30T21:33:31.495+01:00  INFO 2296 --- [GymApl] [restartedMain] o.h.c.internal.RegionFactoryInitiator    : HHH000026: Second-level cache disabled
2024-11-30T21:33:31.826+01:00  INFO 2296 --- [GymApl] [restartedMain] o.s.o.j.p.SpringPersistenceUnitInfo      : No LoadTimeWeaver setup: ignoring JPA class transformer
2024-11-30T21:33:31.854+01:00  INFO 2296 --- [GymApl] [restartedMain] com.zaxxer.hikari.HikariDataSource       : HikariPool-1 - Starting...
2024-11-30T21:33:32.142+01:00  INFO 2296 --- [GymApl] [restartedMain] com.zaxxer.hikari.pool.HikariPool        : HikariPool-1 - Added connection ConnectionID:1 ClientConnectionId: c1924c2f-01cb-4622-b1b8-e5c6269376dd
2024-11-30T21:33:32.144+01:00  INFO 2296 --- [GymApl] [restartedMain] com.zaxxer.hikari.HikariDataSource       : HikariPool-1 - Start completed.
2024-11-30T21:33:32.165+01:00  WARN 2296 --- [GymApl] [restartedMain] org.hibernate.orm.deprecation            : HHH90000025: SQLServerDialect does not need to be specified explicitly using 'hibernate.dialect' (remove the property setting and it will be selected by default)
2024-11-30T21:33:33.196+01:00  INFO 2296 --- [GymApl] [restartedMain] o.h.e.t.j.p.i.JtaPlatformInitiator       : HHH000489: No JTA platform available (set 'hibernate.transaction.jta.platform' to enable JTA platform integration)
2024-11-30T21:33:34.268+01:00  INFO 2296 --- [GymApl] [restartedMain] j.LocalContainerEntityManagerFactoryBean : Initialized JPA EntityManagerFactory for persistence unit 'default'
2024-11-30T21:33:34.785+01:00 DEBUG 2296 --- [GymApl] [restartedMain] com.GymApl.Security.AuthTokenFilter      : Filter 'authTokenFilter' configured for use
2024-11-30T21:33:34.897+01:00  WARN 2296 --- [GymApl] [restartedMain] JpaBaseConfiguration$JpaWebConfiguration : spring.jpa.open-in-view is enabled by default. Therefore, database queries may be performed during view rendering. Explicitly configure spring.jpa.open-in-view to disable this warning
2024-11-30T21:33:34.937+01:00  INFO 2296 --- [GymApl] [restartedMain] eAuthenticationProviderManagerConfigurer : Global AuthenticationManager configured with AuthenticationProvider bean with name authenticationProvider
2024-11-30T21:33:34.939+01:00  WARN 2296 --- [GymApl] [restartedMain] r$InitializeUserDetailsManagerConfigurer : Global AuthenticationManager configured with an AuthenticationProvider bean. UserDetailsService beans will not be used for username/password login. Consider removing the AuthenticationProvider bean. Alternatively, consider using the UserDetailsService in a manually instantiated DaoAuthenticationProvider.
2024-11-30T21:33:35.498+01:00  WARN 2296 --- [GymApl] [restartedMain] o.s.data.convert.CustomConversions       : Registering converter from class microsoft.sql.DateTimeOffset to class java.time.OffsetDateTime as reading converter although it doesn't convert from a store-supported type; You might want to check your annotation setup at the converter implementation
2024-11-30T21:33:35.621+01:00  INFO 2296 --- [GymApl] [restartedMain] o.s.b.d.a.OptionalLiveReloadServer       : LiveReload server is running on port 35729
2024-11-30T21:33:35.669+01:00  INFO 2296 --- [GymApl] [restartedMain] o.s.b.w.embedded.tomcat.TomcatWebServer  : Tomcat started on port 8080 (http) with context path '/'
2024-11-30T21:33:35.687+01:00  INFO 2296 --- [GymApl] [restartedMain] com.GymApl.GymAplApplication             : Started GymAplApplication in 6.855 seconds (process running for 7.389)
2024-11-30T21:33:40.524+01:00  INFO 2296 --- [GymApl] [http-nio-8080-exec-2] o.a.c.c.C.[Tomcat].[localhost].[/]       : Initializing Spring DispatcherServlet 'dispatcherServlet'
2024-11-30T21:33:40.525+01:00  INFO 2296 --- [GymApl] [http-nio-8080-exec-2] o.s.web.servlet.DispatcherServlet        : Initializing Servlet 'dispatcherServlet'
2024-11-30T21:33:40.526+01:00  INFO 2296 --- [GymApl] [http-nio-8080-exec-2] o.s.web.servlet.DispatcherServlet        : Completed initialization in 1 ms
2024-11-30T21:34:03.462+01:00  INFO 2296 --- [GymApl] [SpringApplicationShutdownHook] j.LocalContainerEntityManagerFactoryBean : Closing JPA EntityManagerFactory for persistence unit 'default'
2024-11-30T21:34:03.469+01:00  INFO 2296 --- [GymApl] [SpringApplicationShutdownHook] com.zaxxer.hikari.HikariDataSource       : HikariPool-1 - Shutdown initiated...
2024-11-30T21:34:03.475+01:00  INFO 2296 --- [GymApl] [SpringApplicationShutdownHook] com.zaxxer.hikari.HikariDataSource       : HikariPool-1 - Shutdown completed.
2024-11-30T21:34:05.753+01:00  INFO 28088 --- [GymApl] [restartedMain] com.GymApl.GymAplApplication             : Starting GymAplApplication using Java 23.0.1 with PID 28088 (C:\Users\11193\Desktop\InteliJ\projekt aplikacji\target\classes started by 11193 in C:\Users\11193\Desktop\InteliJ\projekt aplikacji)
2024-11-30T21:34:05.755+01:00 DEBUG 28088 --- [GymApl] [restartedMain] com.GymApl.GymAplApplication             : Running with Spring Boot v3.3.5, Spring v6.1.14
2024-11-30T21:34:05.756+01:00  INFO 28088 --- [GymApl] [restartedMain] com.GymApl.GymAplApplication             : No active profile set, falling back to 1 default profile: "default"
2024-11-30T21:34:05.851+01:00  INFO 28088 --- [GymApl] [restartedMain] .e.DevToolsPropertyDefaultsPostProcessor : Devtools property defaults active! Set 'spring.devtools.add-properties' to 'false' to disable
2024-11-30T21:34:05.852+01:00  INFO 28088 --- [GymApl] [restartedMain] .e.DevToolsPropertyDefaultsPostProcessor : For additional web related logging consider setting the 'logging.level.web' property to 'DEBUG'
2024-11-30T21:34:06.774+01:00  INFO 28088 --- [GymApl] [restartedMain] .s.d.r.c.RepositoryConfigurationDelegate : Multiple Spring Data modules found, entering strict repository configuration mode
2024-11-30T21:34:06.775+01:00  INFO 28088 --- [GymApl] [restartedMain] .s.d.r.c.RepositoryConfigurationDelegate : Bootstrapping Spring Data JDBC repositories in DEFAULT mode.
2024-11-30T21:34:06.800+01:00  INFO 28088 --- [GymApl] [restartedMain] .RepositoryConfigurationExtensionSupport : Spring Data JDBC - Could not safely identify store assignment for repository candidate interface com.GymApl.Repository.RoleRepository; If you want this repository to be a JDBC repository, consider annotating your entities with one of these annotations: org.springframework.data.relational.core.mapping.Table.
2024-11-30T21:34:06.802+01:00  INFO 28088 --- [GymApl] [restartedMain] .RepositoryConfigurationExtensionSupport : Spring Data JDBC - Could not safely identify store assignment for repository candidate interface com.GymApl.Repository.UserRepositoryDefault; If you want this repository to be a JDBC repository, consider annotating your entities with one of these annotations: org.springframework.data.relational.core.mapping.Table.
2024-11-30T21:34:06.803+01:00  INFO 28088 --- [GymApl] [restartedMain] .s.d.r.c.RepositoryConfigurationDelegate : Finished Spring Data repository scanning in 25 ms. Found 0 JDBC repository interfaces.
2024-11-30T21:34:06.813+01:00  INFO 28088 --- [GymApl] [restartedMain] .s.d.r.c.RepositoryConfigurationDelegate : Multiple Spring Data modules found, entering strict repository configuration mode
2024-11-30T21:34:06.814+01:00  INFO 28088 --- [GymApl] [restartedMain] .s.d.r.c.RepositoryConfigurationDelegate : Bootstrapping Spring Data JPA repositories in DEFAULT mode.
2024-11-30T21:34:06.840+01:00  INFO 28088 --- [GymApl] [restartedMain] .s.d.r.c.RepositoryConfigurationDelegate : Finished Spring Data repository scanning in 22 ms. Found 2 JPA repository interfaces.
2024-11-30T21:34:07.590+01:00  INFO 28088 --- [GymApl] [restartedMain] o.s.b.w.embedded.tomcat.TomcatWebServer  : Tomcat initialized with port 8080 (http)
2024-11-30T21:34:07.608+01:00  INFO 28088 --- [GymApl] [restartedMain] o.apache.catalina.core.StandardService   : Starting service [Tomcat]
2024-11-30T21:34:07.609+01:00  INFO 28088 --- [GymApl] [restartedMain] o.apache.catalina.core.StandardEngine    : Starting Servlet engine: [Apache Tomcat/10.1.31]
2024-11-30T21:34:07.654+01:00  INFO 28088 --- [GymApl] [restartedMain] o.a.c.c.C.[Tomcat].[localhost].[/]       : Initializing Spring embedded WebApplicationContext
2024-11-30T21:34:07.655+01:00  INFO 28088 --- [GymApl] [restartedMain] w.s.c.ServletWebServerApplicationContext : Root WebApplicationContext: initialization completed in 1802 ms
2024-11-30T21:34:07.880+01:00  INFO 28088 --- [GymApl] [restartedMain] o.hibernate.jpa.internal.util.LogHelper  : HHH000204: Processing PersistenceUnitInfo [name: default]
2024-11-30T21:34:07.925+01:00  INFO 28088 --- [GymApl] [restartedMain] org.hibernate.Version                    : HHH000412: Hibernate ORM core version 6.5.3.Final
2024-11-30T21:34:07.950+01:00  INFO 28088 --- [GymApl] [restartedMain] o.h.c.internal.RegionFactoryInitiator    : HHH000026: Second-level cache disabled
2024-11-30T21:34:08.289+01:00  INFO 28088 --- [GymApl] [restartedMain] o.s.o.j.p.SpringPersistenceUnitInfo      : No LoadTimeWeaver setup: ignoring JPA class transformer
2024-11-30T21:34:08.317+01:00  INFO 28088 --- [GymApl] [restartedMain] com.zaxxer.hikari.HikariDataSource       : HikariPool-1 - Starting...
2024-11-30T21:34:08.608+01:00  INFO 28088 --- [GymApl] [restartedMain] com.zaxxer.hikari.pool.HikariPool        : HikariPool-1 - Added connection ConnectionID:1 ClientConnectionId: 62af1ee2-5c7c-4804-bd7e-e5f04ab7ad6c
2024-11-30T21:34:08.609+01:00  INFO 28088 --- [GymApl] [restartedMain] com.zaxxer.hikari.HikariDataSource       : HikariPool-1 - Start completed.
2024-11-30T21:34:08.633+01:00  WARN 28088 --- [GymApl] [restartedMain] org.hibernate.orm.deprecation            : HHH90000025: SQLServerDialect does not need to be specified explicitly using 'hibernate.dialect' (remove the property setting and it will be selected by default)
2024-11-30T21:34:09.620+01:00  INFO 28088 --- [GymApl] [restartedMain] o.h.e.t.j.p.i.JtaPlatformInitiator       : HHH000489: No JTA platform available (set 'hibernate.transaction.jta.platform' to enable JTA platform integration)
2024-11-30T21:34:10.551+01:00  INFO 28088 --- [GymApl] [restartedMain] j.LocalContainerEntityManagerFactoryBean : Initialized JPA EntityManagerFactory for persistence unit 'default'
2024-11-30T21:34:11.222+01:00 DEBUG 28088 --- [GymApl] [restartedMain] com.GymApl.Security.AuthTokenFilter      : Filter 'authTokenFilter' configured for use
2024-11-30T21:34:11.363+01:00  WARN 28088 --- [GymApl] [restartedMain] JpaBaseConfiguration$JpaWebConfiguration : spring.jpa.open-in-view is enabled by default. Therefore, database queries may be performed during view rendering. Explicitly configure spring.jpa.open-in-view to disable this warning
2024-11-30T21:34:11.416+01:00  INFO 28088 --- [GymApl] [restartedMain] eAuthenticationProviderManagerConfigurer : Global AuthenticationManager configured with AuthenticationProvider bean with name authenticationProvider
2024-11-30T21:34:11.419+01:00  WARN 28088 --- [GymApl] [restartedMain] r$InitializeUserDetailsManagerConfigurer : Global AuthenticationManager configured with an AuthenticationProvider bean. UserDetailsService beans will not be used for username/password login. Consider removing the AuthenticationProvider bean. Alternatively, consider using the UserDetailsService in a manually instantiated DaoAuthenticationProvider.
2024-11-30T21:34:12.000+01:00  WARN 28088 --- [GymApl] [restartedMain] o.s.data.convert.CustomConversions       : Registering converter from class microsoft.sql.DateTimeOffset to class java.time.OffsetDateTime as reading converter although it doesn't convert from a store-supported type; You might want to check your annotation setup at the converter implementation
2024-11-30T21:34:12.109+01:00  INFO 28088 --- [GymApl] [restartedMain] o.s.b.d.a.OptionalLiveReloadServer       : LiveReload server is running on port 35729
2024-11-30T21:34:12.151+01:00  INFO 28088 --- [GymApl] [restartedMain] o.s.b.w.embedded.tomcat.TomcatWebServer  : Tomcat started on port 8080 (http) with context path '/'
2024-11-30T21:34:12.163+01:00  INFO 28088 --- [GymApl] [restartedMain] com.GymApl.GymAplApplication             : Started GymAplApplication in 6.94 seconds (process running for 7.477)
2024-11-30T21:34:14.582+01:00  INFO 28088 --- [GymApl] [http-nio-8080-exec-1] o.a.c.c.C.[Tomcat].[localhost].[/]       : Initializing Spring DispatcherServlet 'dispatcherServlet'
2024-11-30T21:34:14.582+01:00  INFO 28088 --- [GymApl] [http-nio-8080-exec-1] o.s.web.servlet.DispatcherServlet        : Initializing Servlet 'dispatcherServlet'
2024-11-30T21:34:14.585+01:00  INFO 28088 --- [GymApl] [http-nio-8080-exec-1] o.s.web.servlet.DispatcherServlet        : Completed initialization in 3 ms
2024-11-30T21:36:43.894+01:00  INFO 28088 --- [GymApl] [SpringApplicationShutdownHook] j.LocalContainerEntityManagerFactoryBean : Closing JPA EntityManagerFactory for persistence unit 'default'
2024-11-30T21:36:43.897+01:00  INFO 28088 --- [GymApl] [SpringApplicationShutdownHook] com.zaxxer.hikari.HikariDataSource       : HikariPool-1 - Shutdown initiated...
2024-11-30T21:36:43.904+01:00  INFO 28088 --- [GymApl] [SpringApplicationShutdownHook] com.zaxxer.hikari.HikariDataSource       : HikariPool-1 - Shutdown completed.
